2024-11-13 09:19:38 - HikariPool-1 - Thread starvation or clock leap detected (housekeeper delta=15h51m56s774ms595µs600ns).
2024-11-13 10:53:14 - GET "/swagger-ui/swagger-initializer.js", parameters={}
2024-11-13 10:53:14 - Mapped to ResourceHttpRequestHandler [classpath [META-INF/resources/webjars/]]
2024-11-13 10:53:14 - Opening JPA EntityManager in OpenEntityManagerInViewInterceptor
2024-11-13 10:53:14 - Closing JPA EntityManager in OpenEntityManagerInViewInterceptor
2024-11-13 10:53:14 - Completed 200 OK
2024-11-13 10:53:15 - GET "/v3/api-docs", parameters={}
2024-11-13 10:53:15 - Mapped to org.springdoc.webmvc.api.OpenApiWebMvcResource#openapiJson(HttpServletRequest, String, Locale)
2024-11-13 10:53:15 - Opening JPA EntityManager in OpenEntityManagerInViewInterceptor
2024-11-13 10:53:15 - Init duration for springdoc-openapi is: 393 ms
2024-11-13 10:53:15 - Using 'application/json', given [application/json, */*] and supported [application/json]
2024-11-13 10:53:15 - Writing [{123, 34, 111, 112, 101, 110, 97, 112, 105, 34, 58, 34, 51, 46, 48, 46, 49, 34, 44, 34, 105, 110, 10 (truncated)...]
2024-11-13 10:53:15 - Closing JPA EntityManager in OpenEntityManagerInViewInterceptor
2024-11-13 10:53:15 - Completed 200 OK
2024-11-13 11:47:21 - Application availability state ReadinessState changed from ACCEPTING_TRAFFIC to REFUSING_TRAFFIC
2024-11-13 11:47:21 - Closing org.springframework.boot.web.servlet.context.AnnotationConfigServletWebServerApplicationContext@23f49f11, started on Tue Nov 12 16:08:06 WEST 2024
2024-11-13 11:47:21 - Found key 'spring.liveBeansView.mbeanDomain' in PropertySource 'systemProperties' with value of type String
2024-11-13 11:47:21 - Stopping beans in phase 2147483647
2024-11-13 11:47:21 - Bean 'webServerGracefulShutdown' completed its stop procedure
2024-11-13 11:47:21 - Stopping beans in phase 2147483646
2024-11-13 11:47:21 - Bean 'webServerStartStop' completed its stop procedure
2024-11-13 11:47:21 - Stopping beans in phase -2147483647
2024-11-13 11:47:21 - Bean 'springBootLoggingLifecycle' completed its stop procedure
2024-11-13 11:47:21 - Unregistering JMX-exposed beans on shutdown
2024-11-13 11:47:21 - Unregistering JMX-exposed beans
2024-11-13 11:47:21 - Shutting down ExecutorService 'applicationTaskExecutor'
2024-11-13 11:47:21 - Closing JPA EntityManagerFactory for persistence unit 'default'
2024-11-13 11:47:21 - Invocation of destroy method failed on bean with name 'inMemoryDatabaseShutdownExecutor'
org.h2.jdbc.JdbcSQLNonTransientConnectionException: Database is already closed (to disable automatic closing at VM shutdown, add ";DB_CLOSE_ON_EXIT=FALSE" to the db URL) [90121-214]
	at org.h2.message.DbException.getJdbcSQLException(DbException.java:678)
	at org.h2.message.DbException.getJdbcSQLException(DbException.java:477)
	at org.h2.message.DbException.get(DbException.java:223)
	at org.h2.message.DbException.get(DbException.java:199)
	at org.h2.message.DbException.get(DbException.java:188)
	at org.h2.jdbc.JdbcConnection.checkClosed(JdbcConnection.java:1375)
	at org.h2.jdbc.JdbcConnection.clearWarnings(JdbcConnection.java:610)
	at com.zaxxer.hikari.pool.ProxyConnection.close(ProxyConnection.java:267)
	at org.springframework.boot.devtools.autoconfigure.DevToolsDataSourceAutoConfiguration$NonEmbeddedInMemoryDatabaseShutdownExecutor$InMemoryDatabase.lambda$new$1(DevToolsDataSourceAutoConfiguration.java:140)
	at org.springframework.boot.devtools.autoconfigure.DevToolsDataSourceAutoConfiguration$NonEmbeddedInMemoryDatabaseShutdownExecutor$InMemoryDatabase.shutdown(DevToolsDataSourceAutoConfiguration.java:157)
	at org.springframework.boot.devtools.autoconfigure.DevToolsDataSourceAutoConfiguration$NonEmbeddedInMemoryDatabaseShutdownExecutor.destroy(DevToolsDataSourceAutoConfiguration.java:103)
	at org.springframework.beans.factory.support.DisposableBeanAdapter.destroy(DisposableBeanAdapter.java:213)
	at org.springframework.beans.factory.support.DefaultSingletonBeanRegistry.destroyBean(DefaultSingletonBeanRegistry.java:587)
	at org.springframework.beans.factory.support.DefaultSingletonBeanRegistry.destroySingleton(DefaultSingletonBeanRegistry.java:559)
	at org.springframework.beans.factory.support.DefaultListableBeanFactory.destroySingleton(DefaultListableBeanFactory.java:1163)
	at org.springframework.beans.factory.support.DefaultSingletonBeanRegistry.destroySingletons(DefaultSingletonBeanRegistry.java:520)
	at org.springframework.beans.factory.support.DefaultListableBeanFactory.destroySingletons(DefaultListableBeanFactory.java:1156)
	at org.springframework.context.support.AbstractApplicationContext.destroyBeans(AbstractApplicationContext.java:1120)
	at org.springframework.context.support.AbstractApplicationContext.doClose(AbstractApplicationContext.java:1086)
	at org.springframework.boot.web.servlet.context.ServletWebServerApplicationContext.doClose(ServletWebServerApplicationContext.java:174)
	at org.springframework.context.support.AbstractApplicationContext.close(AbstractApplicationContext.java:1032)
	at org.springframework.boot.SpringApplicationShutdownHook.closeAndWait(SpringApplicationShutdownHook.java:145)
	at java.lang.Iterable.forEach(Iterable.java:75)
	at org.springframework.boot.SpringApplicationShutdownHook.run(SpringApplicationShutdownHook.java:114)
	at java.lang.Thread.run(Thread.java:750)
2024-11-13 11:47:21 - HikariPool-1 - Shutdown initiated...
2024-11-13 11:47:21 - HikariPool-1 - Shutdown completed.
